# JRE version: OpenJDK Runtime Environment (8.0_442-b06) (build 1.8.0_442-b06)
# Java VM: OpenJDK 64-Bit Server VM (25.442-b06 mixed mode bsd-amd64 compressed oops)
Heap:
 PSYoungGen      total 842752K, used 130134K [0x000000070ca00000, 0x0000000754100000, 0x000000090ca00000)
  eden space 777216K, 16% used [0x000000070ca00000,0x00000007149158b8,0x000000073c100000)
  from space 65536K, 0% used [0x000000073c100000,0x000000073c100000,0x0000000740100000)
  to   space 65536K, 0% used [0x0000000750100000,0x0000000750100000,0x0000000754100000)
 ParOldGen       total 847872K, used 42265K [0x000000030ca00000, 0x0000000340600000, 0x000000070ca00000)
  object space 847872K, 4% used [0x000000030ca00000,0x000000030f3465e8,0x0000000340600000)
 Metaspace       used 35311K, capacity 37589K, committed 37760K, reserved 1081344K
  class space    used 4271K, capacity 4923K, committed 4992K, reserved 1048576K
GC Heap History (10 events):
Event: 2.038 GC heap before
{Heap before GC invocations=1 (full 0):
 PSYoungGen      total 458752K, used 165187K [0x000000070ca00000, 0x000000072ca00000, 0x000000090ca00000)
  eden space 393216K, 42% used [0x000000070ca00000,0x0000000716b50c90,0x0000000724a00000)
  from space 65536K, 0% used [0x0000000728a00000,0x0000000728a00000,0x000000072ca00000)
  to   space 65536K, 0% used [0x0000000724a00000,0x0000000724a00000,0x0000000728a00000)
 ParOldGen       total 1048576K, used 0K [0x000000030ca00000, 0x000000034ca00000, 0x000000070ca00000)
  object space 1048576K, 0% used [0x000000030ca00000,0x000000030ca00000,0x000000034ca00000)
 Metaspace       used 20450K, capacity 21134K, committed 21296K, reserved 1069056K
  class space    used 2466K, capacity 2676K, committed 2688K, reserved 1048576K
Event: 2.062 GC heap after
Heap after GC invocations=1 (full 0):
 PSYoungGen      total 458752K, used 15564K [0x000000070ca00000, 0x0000000744a00000, 0x000000090ca00000)
  eden space 393216K, 0% used [0x000000070ca00000,0x000000070ca00000,0x0000000724a00000)
  from space 65536K, 23% used [0x0000000724a00000,0x0000000725933058,0x0000000728a00000)
  to   space 65536K, 0% used [0x0000000740a00000,0x0000000740a00000,0x0000000744a00000)
 ParOldGen       total 1048576K, used 8K [0x000000030ca00000, 0x000000034ca00000, 0x000000070ca00000)
  object space 1048576K, 0% used [0x000000030ca00000,0x000000030ca02000,0x000000034ca00000)
 Metaspace       used 20450K, capacity 21134K, committed 21296K, reserved 1069056K
  class space    used 2466K, capacity 2676K, committed 2688K, reserved 1048576K
}
Event: 2.062 GC heap before
{Heap before GC invocations=2 (full 1):
 PSYoungGen      total 458752K, used 15564K [0x000000070ca00000, 0x0000000744a00000, 0x000000090ca00000)
  eden space 393216K, 0% used [0x000000070ca00000,0x000000070ca00000,0x0000000724a00000)
  from space 65536K, 23% used [0x0000000724a00000,0x0000000725933058,0x0000000728a00000)
  to   space 65536K, 0% used [0x0000000740a00000,0x0000000740a00000,0x0000000744a00000)
 ParOldGen       total 1048576K, used 8K [0x000000030ca00000, 0x000000034ca00000, 0x000000070ca00000)
  object space 1048576K, 0% used [0x000000030ca00000,0x000000030ca02000,0x000000034ca00000)
 Metaspace       used 20450K, capacity 21134K, committed 21296K, reserved 1069056K
  class space    used 2466K, capacity 2676K, committed 2688K, reserved 1048576K
Event: 2.082 GC heap after
Heap after GC invocations=2 (full 1):
 PSYoungGen      total 458752K, used 0K [0x000000070ca00000, 0x0000000744a00000, 0x000000090ca00000)
  eden space 393216K, 0% used [0x000000070ca00000,0x000000070ca00000,0x0000000724a00000)
  from space 65536K, 0% used [0x0000000724a00000,0x0000000724a00000,0x0000000728a00000)
  to   space 65536K, 0% used [0x0000000740a00000,0x0000000740a00000,0x0000000744a00000)
 ParOldGen       total 581632K, used 14718K [0x000000030ca00000, 0x0000000330200000, 0x000000070ca00000)
  object space 581632K, 2% used [0x000000030ca00000,0x000000030d85fa48,0x0000000330200000)
 Metaspace       used 20450K, capacity 21134K, committed 21296K, reserved 1069056K
  class space    used 2466K, capacity 2676K, committed 2688K, reserved 1048576K
}
Event: 4.594 GC heap before
{Heap before GC invocations=3 (full 1):
 PSYoungGen      total 458752K, used 393216K [0x000000070ca00000, 0x0000000744a00000, 0x000000090ca00000)
  eden space 393216K, 100% used [0x000000070ca00000,0x0000000724a00000,0x0000000724a00000)
  from space 65536K, 0% used [0x0000000724a00000,0x0000000724a00000,0x0000000728a00000)
  to   space 65536K, 0% used [0x0000000740a00000,0x0000000740a00000,0x0000000744a00000)
 ParOldGen       total 581632K, used 14718K [0x000000030ca00000, 0x0000000330200000, 0x000000070ca00000)
  object space 581632K, 2% used [0x000000030ca00000,0x000000030d85fa48,0x0000000330200000)
 Metaspace       used 31783K, capacity 33701K, committed 33920K, reserved 1079296K
  class space    used 3859K, capacity 4421K, committed 4480K, reserved 1048576K
Event: 4.632 GC heap after
Heap after GC invocations=3 (full 1):
 PSYoungGen      total 681472K, used 56255K [0x000000070ca00000, 0x0000000744100000, 0x000000090ca00000)
  eden space 625152K, 0% used [0x000000070ca00000,0x000000070ca00000,0x0000000732c80000)
  from space 56320K, 99% used [0x0000000740a00000,0x00000007440efd40,0x0000000744100000)
  to   space 65536K, 0% used [0x000000073c100000,0x000000073c100000,0x0000000740100000)
 ParOldGen       total 581632K, used 14726K [0x000000030ca00000, 0x0000000330200000, 0x000000070ca00000)
  object space 581632K, 2% used [0x000000030ca00000,0x000000030d861a48,0x0000000330200000)
 Metaspace       used 31783K, capacity 33701K, committed 33920K, reserved 1079296K
  class space    used 3859K, capacity 4421K, committed 4480K, reserved 1048576K
}
Event: 5.192 GC heap before
{Heap before GC invocations=4 (full 1):
 PSYoungGen      total 681472K, used 197077K [0x000000070ca00000, 0x0000000744100000, 0x000000090ca00000)
  eden space 625152K, 22% used [0x000000070ca00000,0x00000007153859a0,0x0000000732c80000)
  from space 56320K, 99% used [0x0000000740a00000,0x00000007440efd40,0x0000000744100000)
  to   space 65536K, 0% used [0x000000073c100000,0x000000073c100000,0x0000000740100000)
 ParOldGen       total 581632K, used 14726K [0x000000030ca00000, 0x0000000330200000, 0x000000070ca00000)
  object space 581632K, 2% used [0x000000030ca00000,0x000000030d861a48,0x0000000330200000)
 Metaspace       used 33213K, capacity 35317K, committed 35456K, reserved 1079296K
  class space    used 4002K, capacity 4629K, committed 4736K, reserved 1048576K
Event: 5.209 GC heap after
Heap after GC invocations=4 (full 1):
 PSYoungGen      total 842752K, used 33900K [0x000000070ca00000, 0x0000000754100000, 0x000000090ca00000)
  eden space 777216K, 0% used [0x000000070ca00000,0x000000070ca00000,0x000000073c100000)
  from space 65536K, 51% used [0x000000073c100000,0x000000073e21b008,0x0000000740100000)
  to   space 65536K, 0% used [0x0000000750100000,0x0000000750100000,0x0000000754100000)
 ParOldGen       total 581632K, used 14734K [0x000000030ca00000, 0x0000000330200000, 0x000000070ca00000)
  object space 581632K, 2% used [0x000000030ca00000,0x000000030d863a48,0x0000000330200000)
 Metaspace       used 33213K, capacity 35317K, committed 35456K, reserved 1079296K
  class space    used 4002K, capacity 4629K, committed 4736K, reserved 1048576K
}
Event: 5.209 GC heap before
{Heap before GC invocations=5 (full 2):
 PSYoungGen      total 842752K, used 33900K [0x000000070ca00000, 0x0000000754100000, 0x000000090ca00000)
  eden space 777216K, 0% used [0x000000070ca00000,0x000000070ca00000,0x000000073c100000)
  from space 65536K, 51% used [0x000000073c100000,0x000000073e21b008,0x0000000740100000)
  to   space 65536K, 0% used [0x0000000750100000,0x0000000750100000,0x0000000754100000)
 ParOldGen       total 581632K, used 14734K [0x000000030ca00000, 0x0000000330200000, 0x000000070ca00000)
  object space 581632K, 2% used [0x000000030ca00000,0x000000030d863a48,0x0000000330200000)
 Metaspace       used 33213K, capacity 35317K, committed 35456K, reserved 1079296K
  class space    used 4002K, capacity 4629K, committed 4736K, reserved 1048576K
Event: 5.264 GC heap after
Heap after GC invocations=5 (full 2):
 PSYoungGen      total 842752K, used 0K [0x000000070ca00000, 0x0000000754100000, 0x000000090ca00000)
  eden space 777216K, 0% used [0x000000070ca00000,0x000000070ca00000,0x000000073c100000)
  from space 65536K, 0% used [0x000000073c100000,0x000000073c100000,0x0000000740100000)
  to   space 65536K, 0% used [0x0000000750100000,0x0000000750100000,0x0000000754100000)
 ParOldGen       total 847872K, used 42265K [0x000000030ca00000, 0x0000000340600000, 0x000000070ca00000)
  object space 847872K, 4% used [0x000000030ca00000,0x000000030f3465e8,0x0000000340600000)
 Metaspace       used 33213K, capacity 35317K, committed 35456K, reserved 1079296K
  class space    used 4002K, capacity 4629K, committed 4736K, reserved 1048576K
}

